<?xml version="1.0" encoding="UTF-8"?>
<testsuite name="TestLibrairie" tests="5" skipped="0" failures="5" errors="0" timestamp="2025-06-04T15:09:40" hostname="u-inf-j-e113-31" time="0.015">
  <properties/>
  <testcase name="[1] Bastian, COCHARD, le nom n'est pas le meme" classname="TestLibrairie" time="0.002">
    <failure message="java.net.ConnectException: Connexion refusée" type="java.net.ConnectException">java.net.ConnectException: Connexion refusée
	at java.base/sun.nio.ch.Net.pollConnect(Native Method)
	at java.base/sun.nio.ch.Net.pollConnectNow(Net.java:672)
	at java.base/sun.nio.ch.SocketChannelImpl.finishConnect(SocketChannelImpl.java:946)
	at io.ktor.network.sockets.SocketImpl.connect$ktor_network(SocketImpl.kt:50)
	at io.ktor.network.sockets.SocketImpl$connect$1.invokeSuspend(SocketImpl.kt)
	at _COROUTINE._BOUNDARY._(CoroutineDebugging.kt:42)
	at io.ktor.client.engine.HttpClientEngine$DefaultImpls.executeWithinCallContext(HttpClientEngine.kt:184)
	at io.ktor.client.engine.HttpClientEngine$install$1.invokeSuspend(HttpClientEngine.kt:154)
	at io.ktor.util.pipeline.DebugPipelineContext.proceedLoop(DebugPipelineContext.kt:79)
	at io.ktor.client.plugins.HttpSend$DefaultSender.execute(HttpSend.kt:132)
	at io.ktor.client.plugins.HttpRedirectKt$HttpRedirect$2$1.invokeSuspend(HttpRedirect.kt:103)
	at io.ktor.client.plugins.api.Send$install$1.invokeSuspend(CommonHooks.kt:52)
	at io.ktor.client.plugins.HttpCallValidatorKt$HttpCallValidator$2$2.invokeSuspend(HttpCallValidator.kt:128)
	at io.ktor.client.plugins.api.Send$install$1.invokeSuspend(CommonHooks.kt:52)
	at io.ktor.client.plugins.HttpSend$Plugin$install$1.invokeSuspend(HttpSend.kt:98)
	at io.ktor.util.pipeline.DebugPipelineContext.proceedLoop(DebugPipelineContext.kt:79)
	at io.ktor.client.plugins.RequestError$install$1.invokeSuspend(HttpCallValidator.kt:150)
	at io.ktor.util.pipeline.DebugPipelineContext.proceedLoop(DebugPipelineContext.kt:79)
	at io.ktor.client.plugins.HttpRequestLifecycleKt$HttpRequestLifecycle$1$1.invokeSuspend(HttpRequestLifecycle.kt:29)
	at io.ktor.client.plugins.SetupRequestContext$install$1.invokeSuspend(HttpRequestLifecycle.kt:42)
	at io.ktor.util.pipeline.DebugPipelineContext.proceedLoop(DebugPipelineContext.kt:79)
	at io.ktor.client.HttpClient.execute$ktor_client_core(HttpClient.kt:1415)
	at io.ktor.client.statement.HttpStatement.fetchResponse(HttpStatement.kt:161)
	at info.but1.sae2025.QuiEstCeClient$1.invokeSuspend(QuiEstCeClient.kt:491)
Caused by: java.net.ConnectException: Connexion refusée
	at java.base/sun.nio.ch.Net.pollConnect(Native Method)
	at java.base/sun.nio.ch.Net.pollConnectNow(Net.java:672)
	at java.base/sun.nio.ch.SocketChannelImpl.finishConnect(SocketChannelImpl.java:946)
	at io.ktor.network.sockets.SocketImpl.connect$ktor_network(SocketImpl.kt:50)
	at io.ktor.network.sockets.SocketImpl$connect$1.invokeSuspend(SocketImpl.kt)
	at kotlin.coroutines.jvm.internal.BaseContinuationImpl.resumeWith(ContinuationImpl.kt:33)
	at kotlinx.coroutines.DispatchedTask.run(DispatchedTask.kt:100)
	at kotlinx.coroutines.internal.LimitedDispatcher$Worker.run(LimitedDispatcher.kt:124)
	at kotlinx.coroutines.scheduling.TaskImpl.run(Tasks.kt:89)
	at kotlinx.coroutines.scheduling.CoroutineScheduler.runSafely(CoroutineScheduler.kt:586)
	at kotlinx.coroutines.scheduling.CoroutineScheduler$Worker.executeTask(CoroutineScheduler.kt:820)
	at kotlinx.coroutines.scheduling.CoroutineScheduler$Worker.runWorker(CoroutineScheduler.kt:717)
	at kotlinx.coroutines.scheduling.CoroutineScheduler$Worker.run(CoroutineScheduler.kt:704)
</failure>
  </testcase>
  <testcase name="[2] Enzo, CHELLI, le nom n'est pas le meme" classname="TestLibrairie" time="0.0">
    <failure message="java.net.ConnectException: Connexion refusée" type="java.net.ConnectException">java.net.ConnectException: Connexion refusée
	at java.base/sun.nio.ch.Net.pollConnect(Native Method)
	at java.base/sun.nio.ch.Net.pollConnectNow(Net.java:672)
	at java.base/sun.nio.ch.SocketChannelImpl.finishConnect(SocketChannelImpl.java:946)
	at io.ktor.network.sockets.SocketImpl.connect$ktor_network(SocketImpl.kt:50)
	at io.ktor.network.sockets.SocketImpl$connect$1.invokeSuspend(SocketImpl.kt)
	at _COROUTINE._BOUNDARY._(CoroutineDebugging.kt:42)
	at io.ktor.client.engine.HttpClientEngine$DefaultImpls.executeWithinCallContext(HttpClientEngine.kt:184)
	at io.ktor.client.engine.HttpClientEngine$install$1.invokeSuspend(HttpClientEngine.kt:154)
	at io.ktor.util.pipeline.DebugPipelineContext.proceedLoop(DebugPipelineContext.kt:79)
	at io.ktor.client.plugins.HttpSend$DefaultSender.execute(HttpSend.kt:132)
	at io.ktor.client.plugins.HttpRedirectKt$HttpRedirect$2$1.invokeSuspend(HttpRedirect.kt:103)
	at io.ktor.client.plugins.api.Send$install$1.invokeSuspend(CommonHooks.kt:52)
	at io.ktor.client.plugins.HttpCallValidatorKt$HttpCallValidator$2$2.invokeSuspend(HttpCallValidator.kt:128)
	at io.ktor.client.plugins.api.Send$install$1.invokeSuspend(CommonHooks.kt:52)
	at io.ktor.client.plugins.HttpSend$Plugin$install$1.invokeSuspend(HttpSend.kt:98)
	at io.ktor.util.pipeline.DebugPipelineContext.proceedLoop(DebugPipelineContext.kt:79)
	at io.ktor.client.plugins.RequestError$install$1.invokeSuspend(HttpCallValidator.kt:150)
	at io.ktor.util.pipeline.DebugPipelineContext.proceedLoop(DebugPipelineContext.kt:79)
	at io.ktor.client.plugins.HttpRequestLifecycleKt$HttpRequestLifecycle$1$1.invokeSuspend(HttpRequestLifecycle.kt:29)
	at io.ktor.client.plugins.SetupRequestContext$install$1.invokeSuspend(HttpRequestLifecycle.kt:42)
	at io.ktor.util.pipeline.DebugPipelineContext.proceedLoop(DebugPipelineContext.kt:79)
	at io.ktor.client.HttpClient.execute$ktor_client_core(HttpClient.kt:1415)
	at io.ktor.client.statement.HttpStatement.fetchResponse(HttpStatement.kt:161)
	at info.but1.sae2025.QuiEstCeClient$1.invokeSuspend(QuiEstCeClient.kt:491)
Caused by: java.net.ConnectException: Connexion refusée
	at java.base/sun.nio.ch.Net.pollConnect(Native Method)
	at java.base/sun.nio.ch.Net.pollConnectNow(Net.java:672)
	at java.base/sun.nio.ch.SocketChannelImpl.finishConnect(SocketChannelImpl.java:946)
	at io.ktor.network.sockets.SocketImpl.connect$ktor_network(SocketImpl.kt:50)
	at io.ktor.network.sockets.SocketImpl$connect$1.invokeSuspend(SocketImpl.kt)
	at kotlin.coroutines.jvm.internal.BaseContinuationImpl.resumeWith(ContinuationImpl.kt:33)
	at kotlinx.coroutines.DispatchedTask.run(DispatchedTask.kt:100)
	at kotlinx.coroutines.internal.LimitedDispatcher$Worker.run(LimitedDispatcher.kt:124)
	at kotlinx.coroutines.scheduling.TaskImpl.run(Tasks.kt:89)
	at kotlinx.coroutines.scheduling.CoroutineScheduler.runSafely(CoroutineScheduler.kt:586)
	at kotlinx.coroutines.scheduling.CoroutineScheduler$Worker.executeTask(CoroutineScheduler.kt:820)
	at kotlinx.coroutines.scheduling.CoroutineScheduler$Worker.runWorker(CoroutineScheduler.kt:717)
	at kotlinx.coroutines.scheduling.CoroutineScheduler$Worker.run(CoroutineScheduler.kt:704)
</failure>
  </testcase>
  <testcase name="[3] Matheo, GRANDI, le nom n'est pas le meme" classname="TestLibrairie" time="0.0">
    <failure message="java.net.ConnectException: Connexion refusée" type="java.net.ConnectException">java.net.ConnectException: Connexion refusée
	at java.base/sun.nio.ch.Net.pollConnect(Native Method)
	at java.base/sun.nio.ch.Net.pollConnectNow(Net.java:672)
	at java.base/sun.nio.ch.SocketChannelImpl.finishConnect(SocketChannelImpl.java:946)
	at io.ktor.network.sockets.SocketImpl.connect$ktor_network(SocketImpl.kt:50)
	at io.ktor.network.sockets.SocketImpl$connect$1.invokeSuspend(SocketImpl.kt)
	at _COROUTINE._BOUNDARY._(CoroutineDebugging.kt:42)
	at io.ktor.client.engine.HttpClientEngine$DefaultImpls.executeWithinCallContext(HttpClientEngine.kt:184)
	at io.ktor.client.engine.HttpClientEngine$install$1.invokeSuspend(HttpClientEngine.kt:154)
	at io.ktor.util.pipeline.DebugPipelineContext.proceedLoop(DebugPipelineContext.kt:79)
	at io.ktor.client.plugins.HttpSend$DefaultSender.execute(HttpSend.kt:132)
	at io.ktor.client.plugins.HttpRedirectKt$HttpRedirect$2$1.invokeSuspend(HttpRedirect.kt:103)
	at io.ktor.client.plugins.api.Send$install$1.invokeSuspend(CommonHooks.kt:52)
	at io.ktor.client.plugins.HttpCallValidatorKt$HttpCallValidator$2$2.invokeSuspend(HttpCallValidator.kt:128)
	at io.ktor.client.plugins.api.Send$install$1.invokeSuspend(CommonHooks.kt:52)
	at io.ktor.client.plugins.HttpSend$Plugin$install$1.invokeSuspend(HttpSend.kt:98)
	at io.ktor.util.pipeline.DebugPipelineContext.proceedLoop(DebugPipelineContext.kt:79)
	at io.ktor.client.plugins.RequestError$install$1.invokeSuspend(HttpCallValidator.kt:150)
	at io.ktor.util.pipeline.DebugPipelineContext.proceedLoop(DebugPipelineContext.kt:79)
	at io.ktor.client.plugins.HttpRequestLifecycleKt$HttpRequestLifecycle$1$1.invokeSuspend(HttpRequestLifecycle.kt:29)
	at io.ktor.client.plugins.SetupRequestContext$install$1.invokeSuspend(HttpRequestLifecycle.kt:42)
	at io.ktor.util.pipeline.DebugPipelineContext.proceedLoop(DebugPipelineContext.kt:79)
	at io.ktor.client.HttpClient.execute$ktor_client_core(HttpClient.kt:1415)
	at io.ktor.client.statement.HttpStatement.fetchResponse(HttpStatement.kt:161)
	at info.but1.sae2025.QuiEstCeClient$1.invokeSuspend(QuiEstCeClient.kt:491)
Caused by: java.net.ConnectException: Connexion refusée
	at java.base/sun.nio.ch.Net.pollConnect(Native Method)
	at java.base/sun.nio.ch.Net.pollConnectNow(Net.java:672)
	at java.base/sun.nio.ch.SocketChannelImpl.finishConnect(SocketChannelImpl.java:946)
	at io.ktor.network.sockets.SocketImpl.connect$ktor_network(SocketImpl.kt:50)
	at io.ktor.network.sockets.SocketImpl$connect$1.invokeSuspend(SocketImpl.kt)
	at kotlin.coroutines.jvm.internal.BaseContinuationImpl.resumeWith(ContinuationImpl.kt:33)
	at kotlinx.coroutines.DispatchedTask.run(DispatchedTask.kt:100)
	at kotlinx.coroutines.internal.LimitedDispatcher$Worker.run(LimitedDispatcher.kt:124)
	at kotlinx.coroutines.scheduling.TaskImpl.run(Tasks.kt:89)
	at kotlinx.coroutines.scheduling.CoroutineScheduler.runSafely(CoroutineScheduler.kt:586)
	at kotlinx.coroutines.scheduling.CoroutineScheduler$Worker.executeTask(CoroutineScheduler.kt:820)
	at kotlinx.coroutines.scheduling.CoroutineScheduler$Worker.runWorker(CoroutineScheduler.kt:717)
	at kotlinx.coroutines.scheduling.CoroutineScheduler$Worker.run(CoroutineScheduler.kt:704)
</failure>
  </testcase>
  <testcase name="[4] Victor, BACHELIER, le nom n'est pas le meme" classname="TestLibrairie" time="0.0">
    <failure message="java.net.ConnectException: Connexion refusée" type="java.net.ConnectException">java.net.ConnectException: Connexion refusée
	at java.base/sun.nio.ch.Net.pollConnect(Native Method)
	at java.base/sun.nio.ch.Net.pollConnectNow(Net.java:672)
	at java.base/sun.nio.ch.SocketChannelImpl.finishConnect(SocketChannelImpl.java:946)
	at io.ktor.network.sockets.SocketImpl.connect$ktor_network(SocketImpl.kt:50)
	at io.ktor.network.sockets.SocketImpl$connect$1.invokeSuspend(SocketImpl.kt)
	at _COROUTINE._BOUNDARY._(CoroutineDebugging.kt:42)
	at io.ktor.client.engine.HttpClientEngine$DefaultImpls.executeWithinCallContext(HttpClientEngine.kt:184)
	at io.ktor.client.engine.HttpClientEngine$install$1.invokeSuspend(HttpClientEngine.kt:154)
	at io.ktor.util.pipeline.DebugPipelineContext.proceedLoop(DebugPipelineContext.kt:79)
	at io.ktor.client.plugins.HttpSend$DefaultSender.execute(HttpSend.kt:132)
	at io.ktor.client.plugins.HttpRedirectKt$HttpRedirect$2$1.invokeSuspend(HttpRedirect.kt:103)
	at io.ktor.client.plugins.api.Send$install$1.invokeSuspend(CommonHooks.kt:52)
	at io.ktor.client.plugins.HttpCallValidatorKt$HttpCallValidator$2$2.invokeSuspend(HttpCallValidator.kt:128)
	at io.ktor.client.plugins.api.Send$install$1.invokeSuspend(CommonHooks.kt:52)
	at io.ktor.client.plugins.HttpSend$Plugin$install$1.invokeSuspend(HttpSend.kt:98)
	at io.ktor.util.pipeline.DebugPipelineContext.proceedLoop(DebugPipelineContext.kt:79)
	at io.ktor.client.plugins.RequestError$install$1.invokeSuspend(HttpCallValidator.kt:150)
	at io.ktor.util.pipeline.DebugPipelineContext.proceedLoop(DebugPipelineContext.kt:79)
	at io.ktor.client.plugins.HttpRequestLifecycleKt$HttpRequestLifecycle$1$1.invokeSuspend(HttpRequestLifecycle.kt:29)
	at io.ktor.client.plugins.SetupRequestContext$install$1.invokeSuspend(HttpRequestLifecycle.kt:42)
	at io.ktor.util.pipeline.DebugPipelineContext.proceedLoop(DebugPipelineContext.kt:79)
	at io.ktor.client.HttpClient.execute$ktor_client_core(HttpClient.kt:1415)
	at io.ktor.client.statement.HttpStatement.fetchResponse(HttpStatement.kt:161)
	at info.but1.sae2025.QuiEstCeClient$1.invokeSuspend(QuiEstCeClient.kt:491)
Caused by: java.net.ConnectException: Connexion refusée
	at java.base/sun.nio.ch.Net.pollConnect(Native Method)
	at java.base/sun.nio.ch.Net.pollConnectNow(Net.java:672)
	at java.base/sun.nio.ch.SocketChannelImpl.finishConnect(SocketChannelImpl.java:946)
	at io.ktor.network.sockets.SocketImpl.connect$ktor_network(SocketImpl.kt:50)
	at io.ktor.network.sockets.SocketImpl$connect$1.invokeSuspend(SocketImpl.kt)
	at kotlin.coroutines.jvm.internal.BaseContinuationImpl.resumeWith(ContinuationImpl.kt:33)
	at kotlinx.coroutines.DispatchedTask.run(DispatchedTask.kt:100)
	at kotlinx.coroutines.internal.LimitedDispatcher$Worker.run(LimitedDispatcher.kt:124)
	at kotlinx.coroutines.scheduling.TaskImpl.run(Tasks.kt:89)
	at kotlinx.coroutines.scheduling.CoroutineScheduler.runSafely(CoroutineScheduler.kt:586)
	at kotlinx.coroutines.scheduling.CoroutineScheduler$Worker.executeTask(CoroutineScheduler.kt:820)
	at kotlinx.coroutines.scheduling.CoroutineScheduler$Worker.runWorker(CoroutineScheduler.kt:717)
	at kotlinx.coroutines.scheduling.CoroutineScheduler$Worker.run(CoroutineScheduler.kt:704)
</failure>
  </testcase>
  <testcase name="[5] Elwan, LOPEZ, le nom n'est pas le meme" classname="TestLibrairie" time="0.0">
    <failure message="java.net.ConnectException: Connexion refusée" type="java.net.ConnectException">java.net.ConnectException: Connexion refusée
	at java.base/sun.nio.ch.Net.pollConnect(Native Method)
	at java.base/sun.nio.ch.Net.pollConnectNow(Net.java:672)
	at java.base/sun.nio.ch.SocketChannelImpl.finishConnect(SocketChannelImpl.java:946)
	at io.ktor.network.sockets.SocketImpl.connect$ktor_network(SocketImpl.kt:50)
	at io.ktor.network.sockets.SocketImpl$connect$1.invokeSuspend(SocketImpl.kt)
	at _COROUTINE._BOUNDARY._(CoroutineDebugging.kt:42)
	at io.ktor.client.engine.HttpClientEngine$DefaultImpls.executeWithinCallContext(HttpClientEngine.kt:184)
	at io.ktor.client.engine.HttpClientEngine$install$1.invokeSuspend(HttpClientEngine.kt:154)
	at io.ktor.util.pipeline.DebugPipelineContext.proceedLoop(DebugPipelineContext.kt:79)
	at io.ktor.client.plugins.HttpSend$DefaultSender.execute(HttpSend.kt:132)
	at io.ktor.client.plugins.HttpRedirectKt$HttpRedirect$2$1.invokeSuspend(HttpRedirect.kt:103)
	at io.ktor.client.plugins.api.Send$install$1.invokeSuspend(CommonHooks.kt:52)
	at io.ktor.client.plugins.HttpCallValidatorKt$HttpCallValidator$2$2.invokeSuspend(HttpCallValidator.kt:128)
	at io.ktor.client.plugins.api.Send$install$1.invokeSuspend(CommonHooks.kt:52)
	at io.ktor.client.plugins.HttpSend$Plugin$install$1.invokeSuspend(HttpSend.kt:98)
	at io.ktor.util.pipeline.DebugPipelineContext.proceedLoop(DebugPipelineContext.kt:79)
	at io.ktor.client.plugins.RequestError$install$1.invokeSuspend(HttpCallValidator.kt:150)
	at io.ktor.util.pipeline.DebugPipelineContext.proceedLoop(DebugPipelineContext.kt:79)
	at io.ktor.client.plugins.HttpRequestLifecycleKt$HttpRequestLifecycle$1$1.invokeSuspend(HttpRequestLifecycle.kt:29)
	at io.ktor.client.plugins.SetupRequestContext$install$1.invokeSuspend(HttpRequestLifecycle.kt:42)
	at io.ktor.util.pipeline.DebugPipelineContext.proceedLoop(DebugPipelineContext.kt:79)
	at io.ktor.client.HttpClient.execute$ktor_client_core(HttpClient.kt:1415)
	at io.ktor.client.statement.HttpStatement.fetchResponse(HttpStatement.kt:161)
	at info.but1.sae2025.QuiEstCeClient$1.invokeSuspend(QuiEstCeClient.kt:491)
Caused by: java.net.ConnectException: Connexion refusée
	at java.base/sun.nio.ch.Net.pollConnect(Native Method)
	at java.base/sun.nio.ch.Net.pollConnectNow(Net.java:672)
	at java.base/sun.nio.ch.SocketChannelImpl.finishConnect(SocketChannelImpl.java:946)
	at io.ktor.network.sockets.SocketImpl.connect$ktor_network(SocketImpl.kt:50)
	at io.ktor.network.sockets.SocketImpl$connect$1.invokeSuspend(SocketImpl.kt)
	at kotlin.coroutines.jvm.internal.BaseContinuationImpl.resumeWith(ContinuationImpl.kt:33)
	at kotlinx.coroutines.DispatchedTask.run(DispatchedTask.kt:100)
	at kotlinx.coroutines.internal.LimitedDispatcher$Worker.run(LimitedDispatcher.kt:124)
	at kotlinx.coroutines.scheduling.TaskImpl.run(Tasks.kt:89)
	at kotlinx.coroutines.scheduling.CoroutineScheduler.runSafely(CoroutineScheduler.kt:586)
	at kotlinx.coroutines.scheduling.CoroutineScheduler$Worker.executeTask(CoroutineScheduler.kt:820)
	at kotlinx.coroutines.scheduling.CoroutineScheduler$Worker.runWorker(CoroutineScheduler.kt:717)
	at kotlinx.coroutines.scheduling.CoroutineScheduler$Worker.run(CoroutineScheduler.kt:704)
</failure>
  </testcase>
  <system-out><![CDATA[]]></system-out>
  <system-err><![CDATA[]]></system-err>
</testsuite>
